<?xml version="1.0" encoding="UTF-8"?>
<testsuite xmlns:xsi="http://www.w3.org/2001/XMLSchema-instance" xsi:noNamespaceSchemaLocation="https://maven.apache.org/surefire/maven-surefire-plugin/xsd/surefire-test-report-3.0.xsd" version="3.0" name="com.berational.NormalDistributionTest" time="0.194" tests="132" errors="0" skipped="0" failures="0">
  <properties>
[...]
</properties>
  <testcase name="testInverseCdfAgainstApacheCommons(double)[1]" classname="com.berational.NormalDistributionTest" time="0.002"/>
  <testcase name="testInverseCdfAgainstApacheCommons(double)[2]" classname="com.berational.NormalDistributionTest" time="0"/>
  <testcase name="testInverseCdfAgainstApacheCommons(double)[3]" classname="com.berational.NormalDistributionTest" time="0"/>
  <testcase name="testInverseCdfAgainstApacheCommons(double)[4]" classname="com.berational.NormalDistributionTest" time="0"/>
  <testcase name="testInverseCdfAgainstApacheCommons(double)[5]" classname="com.berational.NormalDistributionTest" time="0"/>
  <testcase name="testInverseCdfAgainstApacheCommons(double)[6]" classname="com.berational.NormalDistributionTest" time="0.001"/>
  <testcase name="testInverseCdfAgainstApacheCommons(double)[7]" classname="com.berational.NormalDistributionTest" time="0.001"/>
  <testcase name="testInverseCdfAgainstApacheCommons(double)[8]" classname="com.berational.NormalDistributionTest" time="0"/>
  <testcase name="testInverseCdfAgainstApacheCommons(double)[9]" classname="com.berational.NormalDistributionTest" time="0"/>
  <testcase name="testInverseCdfAgainstApacheCommons(double)[10]" classname="com.berational.NormalDistributionTest" time="0"/>
  <testcase name="testInverseCdfAgainstApacheCommons(double)[11]" classname="com.berational.NormalDistributionTest" time="0"/>
  <testcase name="testInverseCdfAgainstApacheCommons(double)[12]" classname="com.berational.NormalDistributionTest" time="0"/>
  <testcase name="testInverseCdfAgainstApacheCommons(double)[13]" classname="com.berational.NormalDistributionTest" time="0.006"/>
  <testcase name="testInverseCdfAgainstApacheCommons(double)[14]" classname="com.berational.NormalDistributionTest" time="0.001"/>
  <testcase name="testInverseCdfAgainstApacheCommons(double)[15]" classname="com.berational.NormalDistributionTest" time="0.001"/>
  <testcase name="testInverseCdfAgainstApacheCommons(double)[16]" classname="com.berational.NormalDistributionTest" time="0.001"/>
  <testcase name="testInverseCdfAgainstApacheCommons(double)[17]" classname="com.berational.NormalDistributionTest" time="0"/>
  <testcase name="testInverseCdfAgainstApacheCommons(double)[18]" classname="com.berational.NormalDistributionTest" time="0"/>
  <testcase name="testInverseCdfAgainstApacheCommons(double)[19]" classname="com.berational.NormalDistributionTest" time="0.003"/>
  <testcase name="testInverseCdfAgainstApacheCommons(double)[20]" classname="com.berational.NormalDistributionTest" time="0"/>
  <testcase name="testInverseCdfAgainstApacheCommons(double)[21]" classname="com.berational.NormalDistributionTest" time="0"/>
  <testcase name="testInverseCdfAgainstApacheCommons(double)[22]" classname="com.berational.NormalDistributionTest" time="0"/>
  <testcase name="testInverseCdfAgainstApacheCommons(double)[23]" classname="com.berational.NormalDistributionTest" time="0"/>
  <testcase name="testNegativeXAccuracy" classname="com.berational.NormalDistributionTest" time="0"/>
  <testcase name="testPdfMaximum" classname="com.berational.NormalDistributionTest" time="0"/>
  <testcase name="testInverseCdfKnownValues" classname="com.berational.NormalDistributionTest" time="0"/>
  <testcase name="testCdfAgainstApacheCommons(double)[1]" classname="com.berational.NormalDistributionTest" time="0.005"/>
  <testcase name="testCdfAgainstApacheCommons(double)[2]" classname="com.berational.NormalDistributionTest" time="0"/>
  <testcase name="testCdfAgainstApacheCommons(double)[3]" classname="com.berational.NormalDistributionTest" time="0.004"/>
  <testcase name="testCdfAgainstApacheCommons(double)[4]" classname="com.berational.NormalDistributionTest" time="0.002"/>
  <testcase name="testCdfAgainstApacheCommons(double)[5]" classname="com.berational.NormalDistributionTest" time="0"/>
  <testcase name="testCdfAgainstApacheCommons(double)[6]" classname="com.berational.NormalDistributionTest" time="0.002"/>
  <testcase name="testCdfAgainstApacheCommons(double)[7]" classname="com.berational.NormalDistributionTest" time="0"/>
  <testcase name="testCdfAgainstApacheCommons(double)[8]" classname="com.berational.NormalDistributionTest" time="0.002"/>
  <testcase name="testCdfAgainstApacheCommons(double)[9]" classname="com.berational.NormalDistributionTest" time="0"/>
  <testcase name="testCdfAgainstApacheCommons(double)[10]" classname="com.berational.NormalDistributionTest" time="0"/>
  <testcase name="testCdfAgainstApacheCommons(double)[11]" classname="com.berational.NormalDistributionTest" time="0"/>
  <testcase name="testCdfAgainstApacheCommons(double)[12]" classname="com.berational.NormalDistributionTest" time="0"/>
  <testcase name="testCdfAgainstApacheCommons(double)[13]" classname="com.berational.NormalDistributionTest" time="0.002"/>
  <testcase name="testCdfAgainstApacheCommons(double)[14]" classname="com.berational.NormalDistributionTest" time="0"/>
  <testcase name="testCdfAgainstApacheCommons(double)[15]" classname="com.berational.NormalDistributionTest" time="0"/>
  <testcase name="testCdfAgainstApacheCommons(double)[16]" classname="com.berational.NormalDistributionTest" time="0.002"/>
  <testcase name="testCdfAgainstApacheCommons(double)[17]" classname="com.berational.NormalDistributionTest" time="0.001"/>
  <testcase name="testCdfAgainstApacheCommons(double)[18]" classname="com.berational.NormalDistributionTest" time="0.001"/>
  <testcase name="testCdfAgainstApacheCommons(double)[19]" classname="com.berational.NormalDistributionTest" time="0"/>
  <testcase name="testCdfAgainstApacheCommons(double)[20]" classname="com.berational.NormalDistributionTest" time="0"/>
  <testcase name="testCdfAgainstApacheCommons(double)[21]" classname="com.berational.NormalDistributionTest" time="0.003"/>
  <testcase name="testCdfAgainstApacheCommons(double)[22]" classname="com.berational.NormalDistributionTest" time="0"/>
  <testcase name="testCdfAgainstApacheCommons(double)[23]" classname="com.berational.NormalDistributionTest" time="0.001"/>
  <testcase name="testCdfAgainstApacheCommons(double)[24]" classname="com.berational.NormalDistributionTest" time="0"/>
  <testcase name="testCdfAgainstApacheCommons(double)[25]" classname="com.berational.NormalDistributionTest" time="0"/>
  <testcase name="testCdfAgainstApacheCommons(double)[26]" classname="com.berational.NormalDistributionTest" time="0"/>
  <testcase name="testCdfAgainstApacheCommons(double)[27]" classname="com.berational.NormalDistributionTest" time="0"/>
  <testcase name="testCdfAgainstApacheCommons(double)[28]" classname="com.berational.NormalDistributionTest" time="0"/>
  <testcase name="testCdfAgainstApacheCommons(double)[29]" classname="com.berational.NormalDistributionTest" time="0"/>
  <testcase name="testCdfAgainstApacheCommons(double)[30]" classname="com.berational.NormalDistributionTest" time="0"/>
  <testcase name="testCdfAgainstApacheCommons(double)[31]" classname="com.berational.NormalDistributionTest" time="0"/>
  <testcase name="testCdfAgainstApacheCommons(double)[32]" classname="com.berational.NormalDistributionTest" time="0"/>
  <testcase name="testCdfAgainstApacheCommons(double)[33]" classname="com.berational.NormalDistributionTest" time="0"/>
  <testcase name="testCdfAgainstApacheCommons(double)[34]" classname="com.berational.NormalDistributionTest" time="0"/>
  <testcase name="testCdfAgainstApacheCommons(double)[35]" classname="com.berational.NormalDistributionTest" time="0"/>
  <testcase name="testCdfAgainstApacheCommons(double)[36]" classname="com.berational.NormalDistributionTest" time="0"/>
  <testcase name="testCdfAgainstApacheCommons(double)[37]" classname="com.berational.NormalDistributionTest" time="0"/>
  <testcase name="testCdfAgainstApacheCommons(double)[38]" classname="com.berational.NormalDistributionTest" time="0"/>
  <testcase name="testCdfAgainstApacheCommons(double)[39]" classname="com.berational.NormalDistributionTest" time="0"/>
  <testcase name="testCdfAgainstApacheCommons(double)[40]" classname="com.berational.NormalDistributionTest" time="0.001"/>
  <testcase name="testCdfAgainstApacheCommons(double)[41]" classname="com.berational.NormalDistributionTest" time="0.001"/>
  <testcase name="testCdfAgainstApacheCommons(double)[42]" classname="com.berational.NormalDistributionTest" time="0"/>
  <testcase name="testCdfAgainstApacheCommons(double)[43]" classname="com.berational.NormalDistributionTest" time="0"/>
  <testcase name="testCdfAgainstApacheCommons(double)[44]" classname="com.berational.NormalDistributionTest" time="0"/>
  <testcase name="testCdfAgainstApacheCommons(double)[45]" classname="com.berational.NormalDistributionTest" time="0"/>
  <testcase name="testCdfAgainstApacheCommons(double)[46]" classname="com.berational.NormalDistributionTest" time="0"/>
  <testcase name="testCdfAgainstApacheCommons(double)[47]" classname="com.berational.NormalDistributionTest" time="0"/>
  <testcase name="testAsymptoticExpansionRegion" classname="com.berational.NormalDistributionTest" time="0"/>
  <testcase name="testSmallIncrements" classname="com.berational.NormalDistributionTest" time="0"/>
  <testcase name="testCdfKnownValues(double, double)[1]" classname="com.berational.NormalDistributionTest" time="0"/>
  <testcase name="testCdfKnownValues(double, double)[2]" classname="com.berational.NormalDistributionTest" time="0"/>
  <testcase name="testCdfKnownValues(double, double)[3]" classname="com.berational.NormalDistributionTest" time="0"/>
  <testcase name="testCdfKnownValues(double, double)[4]" classname="com.berational.NormalDistributionTest" time="0"/>
  <testcase name="testCdfKnownValues(double, double)[5]" classname="com.berational.NormalDistributionTest" time="0"/>
  <testcase name="testCdfKnownValues(double, double)[6]" classname="com.berational.NormalDistributionTest" time="0"/>
  <testcase name="testCdfKnownValues(double, double)[7]" classname="com.berational.NormalDistributionTest" time="0"/>
  <testcase name="testCdfKnownValues(double, double)[8]" classname="com.berational.NormalDistributionTest" time="0"/>
  <testcase name="testCdfKnownValues(double, double)[9]" classname="com.berational.NormalDistributionTest" time="0"/>
  <testcase name="testCdfKnownValues(double, double)[10]" classname="com.berational.NormalDistributionTest" time="0"/>
  <testcase name="testCdfKnownValues(double, double)[11]" classname="com.berational.NormalDistributionTest" time="0"/>
  <testcase name="testCdfKnownValues(double, double)[12]" classname="com.berational.NormalDistributionTest" time="0"/>
  <testcase name="testCdfKnownValues(double, double)[13]" classname="com.berational.NormalDistributionTest" time="0"/>
  <testcase name="testCdfKnownValues(double, double)[14]" classname="com.berational.NormalDistributionTest" time="0"/>
  <testcase name="testCdfKnownValues(double, double)[15]" classname="com.berational.NormalDistributionTest" time="0"/>
  <testcase name="testCdfKnownValues(double, double)[16]" classname="com.berational.NormalDistributionTest" time="0"/>
  <testcase name="testCdfKnownValues(double, double)[17]" classname="com.berational.NormalDistributionTest" time="0"/>
  <testcase name="testInverseCdfExtremeTails(double)[1]" classname="com.berational.NormalDistributionTest" time="0"/>
  <testcase name="testInverseCdfExtremeTails(double)[2]" classname="com.berational.NormalDistributionTest" time="0"/>
  <testcase name="testInverseCdfExtremeTails(double)[3]" classname="com.berational.NormalDistributionTest" time="0"/>
  <testcase name="testInverseCdfExtremeTails(double)[4]" classname="com.berational.NormalDistributionTest" time="0"/>
  <testcase name="testCdfMonotonicity" classname="com.berational.NormalDistributionTest" time="0.011"/>
  <testcase name="testIntegralRelationship" classname="com.berational.NormalDistributionTest" time="0.001"/>
  <testcase name="testPdfSymmetry" classname="com.berational.NormalDistributionTest" time="0"/>
  <testcase name="testInverseCdfSymmetry" classname="com.berational.NormalDistributionTest" time="0"/>
  <testcase name="testExtremeTails" classname="com.berational.NormalDistributionTest" time="0"/>
  <testcase name="testInverseCdfRoundTrip" classname="com.berational.NormalDistributionTest" time="0"/>
  <testcase name="testCdfBoundaryValues" classname="com.berational.NormalDistributionTest" time="0"/>
  <testcase name="testPdfKnownValues" classname="com.berational.NormalDistributionTest" time="0.001"/>
  <testcase name="testSpecialValues" classname="com.berational.NormalDistributionTest" time="0"/>
  <testcase name="testInverseCdfBoundaries" classname="com.berational.NormalDistributionTest" time="0"/>
  <testcase name="testCdfSymmetry" classname="com.berational.NormalDistributionTest" time="0"/>
  <testcase name="testPdfAgainstApacheCommons(double)[1]" classname="com.berational.NormalDistributionTest" time="0.004"/>
  <testcase name="testPdfAgainstApacheCommons(double)[2]" classname="com.berational.NormalDistributionTest" time="0"/>
  <testcase name="testPdfAgainstApacheCommons(double)[3]" classname="com.berational.NormalDistributionTest" time="0.001"/>
  <testcase name="testPdfAgainstApacheCommons(double)[4]" classname="com.berational.NormalDistributionTest" time="0.001"/>
  <testcase name="testPdfAgainstApacheCommons(double)[5]" classname="com.berational.NormalDistributionTest" time="0.001"/>
  <testcase name="testPdfAgainstApacheCommons(double)[6]" classname="com.berational.NormalDistributionTest" time="0.001"/>
  <testcase name="testPdfAgainstApacheCommons(double)[7]" classname="com.berational.NormalDistributionTest" time="0.001"/>
  <testcase name="testPdfAgainstApacheCommons(double)[8]" classname="com.berational.NormalDistributionTest" time="0"/>
  <testcase name="testPdfAgainstApacheCommons(double)[9]" classname="com.berational.NormalDistributionTest" time="0"/>
  <testcase name="testPdfAgainstApacheCommons(double)[10]" classname="com.berational.NormalDistributionTest" time="0"/>
  <testcase name="testPdfAgainstApacheCommons(double)[11]" classname="com.berational.NormalDistributionTest" time="0"/>
  <testcase name="testPdfAgainstApacheCommons(double)[12]" classname="com.berational.NormalDistributionTest" time="0"/>
  <testcase name="testPdfAgainstApacheCommons(double)[13]" classname="com.berational.NormalDistributionTest" time="0"/>
  <testcase name="testPdfAgainstApacheCommons(double)[14]" classname="com.berational.NormalDistributionTest" time="0.005"/>
  <testcase name="testPdfAgainstApacheCommons(double)[15]" classname="com.berational.NormalDistributionTest" time="0.001"/>
  <testcase name="testPdfAgainstApacheCommons(double)[16]" classname="com.berational.NormalDistributionTest" time="0.001"/>
  <testcase name="testPdfAgainstApacheCommons(double)[17]" classname="com.berational.NormalDistributionTest" time="0"/>
  <testcase name="testPdfAgainstApacheCommons(double)[18]" classname="com.berational.NormalDistributionTest" time="0.001"/>
  <testcase name="testPdfAgainstApacheCommons(double)[19]" classname="com.berational.NormalDistributionTest" time="0.001"/>
  <testcase name="testPdfAgainstApacheCommons(double)[20]" classname="com.berational.NormalDistributionTest" time="0"/>
  <testcase name="testPdfAgainstApacheCommons(double)[21]" classname="com.berational.NormalDistributionTest" time="0.002"/>
  <testcase name="testPdfAgainstApacheCommons(double)[22]" classname="com.berational.NormalDistributionTest" time="0"/>
  <testcase name="testPdfAgainstApacheCommons(double)[23]" classname="com.berational.NormalDistributionTest" time="0.001"/>
  <testcase name="testPdfAgainstApacheCommons(double)[24]" classname="com.berational.NormalDistributionTest" time="0"/>
  <testcase name="testPdfAgainstApacheCommons(double)[25]" classname="com.berational.NormalDistributionTest" time="0.001"/>
</testsuite>