<?xml version="1.0" encoding="UTF-8"?>
<testsuite xmlns:xsi="http://www.w3.org/2001/XMLSchema-instance" xsi:noNamespaceSchemaLocation="https://maven.apache.org/surefire/maven-surefire-plugin/xsd/surefire-test-report-3.0.xsd" version="3.0" name="com.berational.CodyErfTest" time="0.17" tests="61" errors="0" skipped="0" failures="0">
  <properties>
[...]
</properties>
  <testcase name="testErfAgainstApacheCommons(double)[1]" classname="com.berational.CodyErfTest" time="0.049"/>
  <testcase name="testErfAgainstApacheCommons(double)[2]" classname="com.berational.CodyErfTest" time="0"/>
  <testcase name="testErfAgainstApacheCommons(double)[3]" classname="com.berational.CodyErfTest" time="0"/>
  <testcase name="testErfAgainstApacheCommons(double)[4]" classname="com.berational.CodyErfTest" time="0"/>
  <testcase name="testErfAgainstApacheCommons(double)[5]" classname="com.berational.CodyErfTest" time="0"/>
  <testcase name="testErfAgainstApacheCommons(double)[6]" classname="com.berational.CodyErfTest" time="0.001"/>
  <testcase name="testErfAgainstApacheCommons(double)[7]" classname="com.berational.CodyErfTest" time="0"/>
  <testcase name="testErfAgainstApacheCommons(double)[8]" classname="com.berational.CodyErfTest" time="0"/>
  <testcase name="testErfAgainstApacheCommons(double)[9]" classname="com.berational.CodyErfTest" time="0"/>
  <testcase name="testErfAgainstApacheCommons(double)[10]" classname="com.berational.CodyErfTest" time="0"/>
  <testcase name="testErfAgainstApacheCommons(double)[11]" classname="com.berational.CodyErfTest" time="0.002"/>
  <testcase name="testErfAgainstApacheCommons(double)[12]" classname="com.berational.CodyErfTest" time="0"/>
  <testcase name="testErfAgainstApacheCommons(double)[13]" classname="com.berational.CodyErfTest" time="0"/>
  <testcase name="testErfAgainstApacheCommons(double)[14]" classname="com.berational.CodyErfTest" time="0"/>
  <testcase name="testErfAgainstApacheCommons(double)[15]" classname="com.berational.CodyErfTest" time="0"/>
  <testcase name="testErfAgainstApacheCommons(double)[16]" classname="com.berational.CodyErfTest" time="0"/>
  <testcase name="testErfAgainstApacheCommons(double)[17]" classname="com.berational.CodyErfTest" time="0"/>
  <testcase name="testErfAgainstApacheCommons(double)[18]" classname="com.berational.CodyErfTest" time="0.008"/>
  <testcase name="testErfAgainstApacheCommons(double)[19]" classname="com.berational.CodyErfTest" time="0.001"/>
  <testcase name="testErfAgainstApacheCommons(double)[20]" classname="com.berational.CodyErfTest" time="0"/>
  <testcase name="testErfAgainstApacheCommons(double)[21]" classname="com.berational.CodyErfTest" time="0"/>
  <testcase name="testErfAgainstApacheCommons(double)[22]" classname="com.berational.CodyErfTest" time="0"/>
  <testcase name="testErfAgainstApacheCommons(double)[23]" classname="com.berational.CodyErfTest" time="0"/>
  <testcase name="testErfAgainstApacheCommons(double)[24]" classname="com.berational.CodyErfTest" time="0"/>
  <testcase name="testErfAgainstApacheCommons(double)[25]" classname="com.berational.CodyErfTest" time="0"/>
  <testcase name="testErfAgainstApacheCommons(double)[26]" classname="com.berational.CodyErfTest" time="0"/>
  <testcase name="testErfAgainstApacheCommons(double)[27]" classname="com.berational.CodyErfTest" time="0"/>
  <testcase name="testErfAgainstApacheCommons(double)[28]" classname="com.berational.CodyErfTest" time="0"/>
  <testcase name="testErfAgainstApacheCommons(double)[29]" classname="com.berational.CodyErfTest" time="0"/>
  <testcase name="testErfAgainstApacheCommons(double)[30]" classname="com.berational.CodyErfTest" time="0"/>
  <testcase name="testErfAgainstApacheCommons(double)[31]" classname="com.berational.CodyErfTest" time="0"/>
  <testcase name="testErfAgainstApacheCommons(double)[32]" classname="com.berational.CodyErfTest" time="0"/>
  <testcase name="testErfAgainstApacheCommons(double)[33]" classname="com.berational.CodyErfTest" time="0"/>
  <testcase name="testErfAgainstApacheCommons(double)[34]" classname="com.berational.CodyErfTest" time="0"/>
  <testcase name="testHighPrecision" classname="com.berational.CodyErfTest" time="0.016"/>
  <testcase name="testRegionBoundaries" classname="com.berational.CodyErfTest" time="0"/>
  <testcase name="testErfSymmetry" classname="com.berational.CodyErfTest" time="0"/>
  <testcase name="testErfcComplement" classname="com.berational.CodyErfTest" time="0"/>
  <testcase name="testErfcxDefinition" classname="com.berational.CodyErfTest" time="0"/>
  <testcase name="testErfBoundaryValues" classname="com.berational.CodyErfTest" time="0"/>
  <testcase name="testErfcAgainstApacheCommons(double)[1]" classname="com.berational.CodyErfTest" time="0"/>
  <testcase name="testErfcAgainstApacheCommons(double)[2]" classname="com.berational.CodyErfTest" time="0"/>
  <testcase name="testErfcAgainstApacheCommons(double)[3]" classname="com.berational.CodyErfTest" time="0"/>
  <testcase name="testErfcAgainstApacheCommons(double)[4]" classname="com.berational.CodyErfTest" time="0"/>
  <testcase name="testErfcAgainstApacheCommons(double)[5]" classname="com.berational.CodyErfTest" time="0"/>
  <testcase name="testErfcAgainstApacheCommons(double)[6]" classname="com.berational.CodyErfTest" time="0"/>
  <testcase name="testErfcAgainstApacheCommons(double)[7]" classname="com.berational.CodyErfTest" time="0"/>
  <testcase name="testErfcAgainstApacheCommons(double)[8]" classname="com.berational.CodyErfTest" time="0"/>
  <testcase name="testErfcAgainstApacheCommons(double)[9]" classname="com.berational.CodyErfTest" time="0"/>
  <testcase name="testErfcAgainstApacheCommons(double)[10]" classname="com.berational.CodyErfTest" time="0"/>
  <testcase name="testErfcAgainstApacheCommons(double)[11]" classname="com.berational.CodyErfTest" time="0"/>
  <testcase name="testErfcAgainstApacheCommons(double)[12]" classname="com.berational.CodyErfTest" time="0"/>
  <testcase name="testErfcAgainstApacheCommons(double)[13]" classname="com.berational.CodyErfTest" time="0"/>
  <testcase name="testErfcAgainstApacheCommons(double)[14]" classname="com.berational.CodyErfTest" time="0"/>
  <testcase name="testErfcAgainstApacheCommons(double)[15]" classname="com.berational.CodyErfTest" time="0"/>
  <testcase name="testErfcAgainstApacheCommons(double)[16]" classname="com.berational.CodyErfTest" time="0"/>
  <testcase name="testErfcAgainstApacheCommons(double)[17]" classname="com.berational.CodyErfTest" time="0"/>
  <testcase name="testErfcAgainstApacheCommons(double)[18]" classname="com.berational.CodyErfTest" time="0"/>
  <testcase name="testErfcAgainstApacheCommons(double)[19]" classname="com.berational.CodyErfTest" time="0"/>
  <testcase name="testErfcAgainstApacheCommons(double)[20]" classname="com.berational.CodyErfTest" time="0"/>
  <testcase name="testErfcBoundaryValues" classname="com.berational.CodyErfTest" time="0"/>
</testsuite>