<?xml version="1.0" encoding="UTF-8"?>
<testsuite xmlns:xsi="http://www.w3.org/2001/XMLSchema-instance" xsi:noNamespaceSchemaLocation="https://maven.apache.org/surefire/maven-surefire-plugin/xsd/surefire-test-report-3.0.xsd" version="3.0" name="com.berational.NormalDistributionTest" time="0.053" tests="51" errors="0" skipped="0" failures="0">
  <properties>
[...]
</properties>
  <testcase name="testNegativeXAccuracy" classname="com.berational.NormalDistributionTest" time="0.002"/>
  <testcase name="testPdfMaximum" classname="com.berational.NormalDistributionTest" time="0.001"/>
  <testcase name="testCdfAgainstApacheCommons(double)[1]" classname="com.berational.NormalDistributionTest" time="0"/>
  <testcase name="testCdfAgainstApacheCommons(double)[2]" classname="com.berational.NormalDistributionTest" time="0"/>
  <testcase name="testCdfAgainstApacheCommons(double)[3]" classname="com.berational.NormalDistributionTest" time="0.001"/>
  <testcase name="testCdfAgainstApacheCommons(double)[4]" classname="com.berational.NormalDistributionTest" time="0"/>
  <testcase name="testCdfAgainstApacheCommons(double)[5]" classname="com.berational.NormalDistributionTest" time="0"/>
  <testcase name="testCdfAgainstApacheCommons(double)[6]" classname="com.berational.NormalDistributionTest" time="0"/>
  <testcase name="testCdfAgainstApacheCommons(double)[7]" classname="com.berational.NormalDistributionTest" time="0"/>
  <testcase name="testCdfAgainstApacheCommons(double)[8]" classname="com.berational.NormalDistributionTest" time="0"/>
  <testcase name="testCdfAgainstApacheCommons(double)[9]" classname="com.berational.NormalDistributionTest" time="0"/>
  <testcase name="testCdfAgainstApacheCommons(double)[10]" classname="com.berational.NormalDistributionTest" time="0.001"/>
  <testcase name="testCdfAgainstApacheCommons(double)[11]" classname="com.berational.NormalDistributionTest" time="0"/>
  <testcase name="testCdfAgainstApacheCommons(double)[12]" classname="com.berational.NormalDistributionTest" time="0"/>
  <testcase name="testCdfAgainstApacheCommons(double)[13]" classname="com.berational.NormalDistributionTest" time="0.001"/>
  <testcase name="testCdfAgainstApacheCommons(double)[14]" classname="com.berational.NormalDistributionTest" time="0"/>
  <testcase name="testCdfAgainstApacheCommons(double)[15]" classname="com.berational.NormalDistributionTest" time="0"/>
  <testcase name="testCdfAgainstApacheCommons(double)[16]" classname="com.berational.NormalDistributionTest" time="0"/>
  <testcase name="testCdfAgainstApacheCommons(double)[17]" classname="com.berational.NormalDistributionTest" time="0"/>
  <testcase name="testCdfAgainstApacheCommons(double)[18]" classname="com.berational.NormalDistributionTest" time="0"/>
  <testcase name="testCdfAgainstApacheCommons(double)[19]" classname="com.berational.NormalDistributionTest" time="0.001"/>
  <testcase name="testCdfAgainstApacheCommons(double)[20]" classname="com.berational.NormalDistributionTest" time="0"/>
  <testcase name="testCdfAgainstApacheCommons(double)[21]" classname="com.berational.NormalDistributionTest" time="0.001"/>
  <testcase name="testCdfAgainstApacheCommons(double)[22]" classname="com.berational.NormalDistributionTest" time="0"/>
  <testcase name="testCdfKnownValues(double, double)[1]" classname="com.berational.NormalDistributionTest" time="0.003"/>
  <testcase name="testCdfKnownValues(double, double)[2]" classname="com.berational.NormalDistributionTest" time="0.001"/>
  <testcase name="testCdfKnownValues(double, double)[3]" classname="com.berational.NormalDistributionTest" time="0"/>
  <testcase name="testCdfKnownValues(double, double)[4]" classname="com.berational.NormalDistributionTest" time="0"/>
  <testcase name="testCdfKnownValues(double, double)[5]" classname="com.berational.NormalDistributionTest" time="0.001"/>
  <testcase name="testCdfKnownValues(double, double)[6]" classname="com.berational.NormalDistributionTest" time="0"/>
  <testcase name="testCdfKnownValues(double, double)[7]" classname="com.berational.NormalDistributionTest" time="0"/>
  <testcase name="testIntegralRelationship" classname="com.berational.NormalDistributionTest" time="0"/>
  <testcase name="testPdfSymmetry" classname="com.berational.NormalDistributionTest" time="0.001"/>
  <testcase name="testExtremeTails" classname="com.berational.NormalDistributionTest" time="0"/>
  <testcase name="testCdfBoundaryValues" classname="com.berational.NormalDistributionTest" time="0"/>
  <testcase name="testCdfMethodsConsistency" classname="com.berational.NormalDistributionTest" time="0.001"/>
  <testcase name="testCdfSymmetry" classname="com.berational.NormalDistributionTest" time="0"/>
  <testcase name="testPdfAgainstApacheCommons(double)[1]" classname="com.berational.NormalDistributionTest" time="0.001"/>
  <testcase name="testPdfAgainstApacheCommons(double)[2]" classname="com.berational.NormalDistributionTest" time="0"/>
  <testcase name="testPdfAgainstApacheCommons(double)[3]" classname="com.berational.NormalDistributionTest" time="0.001"/>
  <testcase name="testPdfAgainstApacheCommons(double)[4]" classname="com.berational.NormalDistributionTest" time="0"/>
  <testcase name="testPdfAgainstApacheCommons(double)[5]" classname="com.berational.NormalDistributionTest" time="0"/>
  <testcase name="testPdfAgainstApacheCommons(double)[6]" classname="com.berational.NormalDistributionTest" time="0"/>
  <testcase name="testPdfAgainstApacheCommons(double)[7]" classname="com.berational.NormalDistributionTest" time="0"/>
  <testcase name="testPdfAgainstApacheCommons(double)[8]" classname="com.berational.NormalDistributionTest" time="0"/>
  <testcase name="testPdfAgainstApacheCommons(double)[9]" classname="com.berational.NormalDistributionTest" time="0"/>
  <testcase name="testPdfAgainstApacheCommons(double)[10]" classname="com.berational.NormalDistributionTest" time="0"/>
  <testcase name="testPdfAgainstApacheCommons(double)[11]" classname="com.berational.NormalDistributionTest" time="0"/>
  <testcase name="testPdfAgainstApacheCommons(double)[12]" classname="com.berational.NormalDistributionTest" time="0"/>
  <testcase name="testPdfAgainstApacheCommons(double)[13]" classname="com.berational.NormalDistributionTest" time="0"/>
  <testcase name="testPdfAgainstApacheCommons(double)[14]" classname="com.berational.NormalDistributionTest" time="0"/>
</testsuite>